# JRE version: Java(TM) SE Runtime Environment (8.0_111-b14) (build 1.8.0_111-b14)
# Java VM: Java HotSpot(TM) Client VM (25.111-b14 mixed mode windows-x86 )
Heap:
 def new generation   total 39424K, used 30249K [0x04a00000, 0x074c0000, 0x0f4a0000)
  eden space 35072K,  85% used [0x04a00000, 0x06738e80, 0x06c40000)
  from space 4352K,   7% used [0x06c40000, 0x06c91628, 0x07080000)
  to   space 4352K,   0% used [0x07080000, 0x07080000, 0x074c0000)
 tenured generation   total 87424K, used 60198K [0x0f4a0000, 0x14a00000, 0x24a00000)
   the space 87424K,  68% used [0x0f4a0000, 0x12f69bf0, 0x12f69c00, 0x14a00000)
 Metaspace       used 19118K, capacity 19592K, committed 19712K, reserved 19840K
GC Heap History (10 events):
Event: 9798.157 GC heap before
{Heap before GC invocations=1128 (full 1):
 def new generation   total 39424K, used 35372K [0x04a00000, 0x074c0000, 0x0f4a0000)
  eden space 35072K, 100% used [0x04a00000, 0x06c40000, 0x06c40000)
  from space 4352K,   6% used [0x07080000, 0x070cb008, 0x074c0000)
  to   space 4352K,   0% used [0x06c40000, 0x06c40000, 0x07080000)
 tenured generation   total 87424K, used 60198K [0x0f4a0000, 0x14a00000, 0x24a00000)
   the space 87424K,  68% used [0x0f4a0000, 0x12f69bf0, 0x12f69c00, 0x14a00000)
 Metaspace       used 19118K, capacity 19592K, committed 19712K, reserved 19840K
Event: 9798.158 GC heap after
Heap after GC invocations=1129 (full 1):
 def new generation   total 39424K, used 300K [0x04a00000, 0x074c0000, 0x0f4a0000)
  eden space 35072K,   0% used [0x04a00000, 0x04a00000, 0x06c40000)
  from space 4352K,   6% used [0x06c40000, 0x06c8b018, 0x07080000)
  to   space 4352K,   0% used [0x07080000, 0x07080000, 0x074c0000)
 tenured generation   total 87424K, used 60198K [0x0f4a0000, 0x14a00000, 0x24a00000)
   the space 87424K,  68% used [0x0f4a0000, 0x12f69bf0, 0x12f69c00, 0x14a00000)
 Metaspace       used 19118K, capacity 19592K, committed 19712K, reserved 19840K
}
Event: 9801.391 GC heap before
{Heap before GC invocations=1129 (full 1):
 def new generation   total 39424K, used 35372K [0x04a00000, 0x074c0000, 0x0f4a0000)
  eden space 35072K, 100% used [0x04a00000, 0x06c40000, 0x06c40000)
  from space 4352K,   6% used [0x06c40000, 0x06c8b018, 0x07080000)
  to   space 4352K,   0% used [0x07080000, 0x07080000, 0x074c0000)
 tenured generation   total 87424K, used 60198K [0x0f4a0000, 0x14a00000, 0x24a00000)
   the space 87424K,  68% used [0x0f4a0000, 0x12f69bf0, 0x12f69c00, 0x14a00000)
 Metaspace       used 19118K, capacity 19592K, committed 19712K, reserved 19840K
Event: 9801.393 GC heap after
Heap after GC invocations=1130 (full 1):
 def new generation   total 39424K, used 300K [0x04a00000, 0x074c0000, 0x0f4a0000)
  eden space 35072K,   0% used [0x04a00000, 0x04a00000, 0x06c40000)
  from space 4352K,   6% used [0x07080000, 0x070cb008, 0x074c0000)
  to   space 4352K,   0% used [0x06c40000, 0x06c40000, 0x07080000)
 tenured generation   total 87424K, used 60198K [0x0f4a0000, 0x14a00000, 0x24a00000)
   the space 87424K,  68% used [0x0f4a0000, 0x12f69bf0, 0x12f69c00, 0x14a00000)
 Metaspace       used 19118K, capacity 19592K, committed 19712K, reserved 19840K
}
Event: 9804.443 GC heap before
{Heap before GC invocations=1130 (full 1):
 def new generation   total 39424K, used 35372K [0x04a00000, 0x074c0000, 0x0f4a0000)
  eden space 35072K, 100% used [0x04a00000, 0x06c40000, 0x06c40000)
  from space 4352K,   6% used [0x07080000, 0x070cb008, 0x074c0000)
  to   space 4352K,   0% used [0x06c40000, 0x06c40000, 0x07080000)
 tenured generation   total 87424K, used 60198K [0x0f4a0000, 0x14a00000, 0x24a00000)
   the space 87424K,  68% used [0x0f4a0000, 0x12f69bf0, 0x12f69c00, 0x14a00000)
 Metaspace       used 19118K, capacity 19592K, committed 19712K, reserved 19840K
Event: 9804.444 GC heap after
Heap after GC invocations=1131 (full 1):
 def new generation   total 39424K, used 300K [0x04a00000, 0x074c0000, 0x0f4a0000)
  eden space 35072K,   0% used [0x04a00000, 0x04a00000, 0x06c40000)
  from space 4352K,   6% used [0x06c40000, 0x06c8b018, 0x07080000)
  to   space 4352K,   0% used [0x07080000, 0x07080000, 0x074c0000)
 tenured generation   total 87424K, used 60198K [0x0f4a0000, 0x14a00000, 0x24a00000)
   the space 87424K,  68% used [0x0f4a0000, 0x12f69bf0, 0x12f69c00, 0x14a00000)
 Metaspace       used 19118K, capacity 19592K, committed 19712K, reserved 19840K
}
Event: 9807.443 GC heap before
{Heap before GC invocations=1131 (full 1):
 def new generation   total 39424K, used 35372K [0x04a00000, 0x074c0000, 0x0f4a0000)
  eden space 35072K, 100% used [0x04a00000, 0x06c40000, 0x06c40000)
  from space 4352K,   6% used [0x06c40000, 0x06c8b018, 0x07080000)
  to   space 4352K,   0% used [0x07080000, 0x07080000, 0x074c0000)
 tenured generation   total 87424K, used 60198K [0x0f4a0000, 0x14a00000, 0x24a00000)
   the space 87424K,  68% used [0x0f4a0000, 0x12f69bf0, 0x12f69c00, 0x14a00000)
 Metaspace       used 19118K, capacity 19592K, committed 19712K, reserved 19840K
Event: 9807.445 GC heap after
Heap after GC invocations=1132 (full 1):
 def new generation   total 39424K, used 300K [0x04a00000, 0x074c0000, 0x0f4a0000)
  eden space 35072K,   0% used [0x04a00000, 0x04a00000, 0x06c40000)
  from space 4352K,   6% used [0x07080000, 0x070cb280, 0x074c0000)
  to   space 4352K,   0% used [0x06c40000, 0x06c40000, 0x07080000)
 tenured generation   total 87424K, used 60198K [0x0f4a0000, 0x14a00000, 0x24a00000)
   the space 87424K,  68% used [0x0f4a0000, 0x12f69bf0, 0x12f69c00, 0x14a00000)
 Metaspace       used 19118K, capacity 19592K, committed 19712K, reserved 19840K
}
Event: 9810.283 GC heap before
{Heap before GC invocations=1132 (full 1):
 def new generation   total 39424K, used 35372K [0x04a00000, 0x074c0000, 0x0f4a0000)
  eden space 35072K, 100% used [0x04a00000, 0x06c40000, 0x06c40000)
  from space 4352K,   6% used [0x07080000, 0x070cb280, 0x074c0000)
  to   space 4352K,   0% used [0x06c40000, 0x06c40000, 0x07080000)
 tenured generation   total 87424K, used 60198K [0x0f4a0000, 0x14a00000, 0x24a00000)
   the space 87424K,  68% used [0x0f4a0000, 0x12f69bf0, 0x12f69c00, 0x14a00000)
 Metaspace       used 19118K, capacity 19592K, committed 19712K, reserved 19840K
Event: 9810.285 GC heap after
Heap after GC invocations=1133 (full 1):
 def new generation   total 39424K, used 325K [0x04a00000, 0x074c0000, 0x0f4a0000)
  eden space 35072K,   0% used [0x04a00000, 0x04a00000, 0x06c40000)
  from space 4352K,   7% used [0x06c40000, 0x06c91628, 0x07080000)
  to   space 4352K,   0% used [0x07080000, 0x07080000, 0x074c0000)
 tenured generation   total 87424K, used 60198K [0x0f4a0000, 0x14a00000, 0x24a00000)
   the space 87424K,  68% used [0x0f4a0000, 0x12f69bf0, 0x12f69c00, 0x14a00000)
 Metaspace       used 19118K, capacity 19592K, committed 19712K, reserved 19840K
}

